25-Apr-2024 20:38:41.936 INFO [TestDao] org.apache.catalina.startup.VersionLoggerListener.log Version du serveur:        Apache Tomcat/9.0.33
25-Apr-2024 20:38:41.944 INFO [TestDao] org.apache.catalina.startup.VersionLoggerListener.log Serveur compilé:       Mar 11 2020 09:31:38 UTC
25-Apr-2024 20:38:41.944 INFO [TestDao] org.apache.catalina.startup.VersionLoggerListener.log Version du serveur:      9.0.33.0
25-Apr-2024 20:38:41.944 INFO [TestDao] org.apache.catalina.startup.VersionLoggerListener.log Nom de l'OS:           Windows 11
25-Apr-2024 20:38:41.945 INFO [TestDao] org.apache.catalina.startup.VersionLoggerListener.log Version de l'OS:        10.0
25-Apr-2024 20:38:41.945 INFO [TestDao] org.apache.catalina.startup.VersionLoggerListener.log Architecture:          amd64
25-Apr-2024 20:38:41.946 INFO [TestDao] org.apache.catalina.startup.VersionLoggerListener.log Répertoire de Java:     C:\Program Files\Java\jdk-17
25-Apr-2024 20:38:41.946 INFO [TestDao] org.apache.catalina.startup.VersionLoggerListener.log Version de la JVM:           17.0.10+11-LTS-240
25-Apr-2024 20:38:41.947 INFO [TestDao] org.apache.catalina.startup.VersionLoggerListener.log Fournisseur de la JVM:            Oracle Corporation
25-Apr-2024 20:38:41.947 INFO [TestDao] org.apache.catalina.startup.VersionLoggerListener.log CATALINA_BASE:         C:\Users\Amadou Tidiane Barry\IdeaProjects\projetjee
25-Apr-2024 20:38:41.947 INFO [TestDao] org.apache.catalina.startup.VersionLoggerListener.log CATALINA_HOME:         C:\apache-tomcat-9.0.33
25-Apr-2024 20:38:41.969 INFO [TestDao] org.apache.catalina.startup.VersionLoggerListener.log Argument de la ligne de commande: --add-opens=java.base/java.lang=ALL-UNNAMED
25-Apr-2024 20:38:41.970 INFO [TestDao] org.apache.catalina.startup.VersionLoggerListener.log Argument de la ligne de commande: --add-opens=java.base/java.io=ALL-UNNAMED
25-Apr-2024 20:38:41.970 INFO [TestDao] org.apache.catalina.startup.VersionLoggerListener.log Argument de la ligne de commande: --add-opens=java.base/java.util=ALL-UNNAMED
25-Apr-2024 20:38:41.972 INFO [TestDao] org.apache.catalina.startup.VersionLoggerListener.log Argument de la ligne de commande: --add-opens=java.base/java.util.concurrent=ALL-UNNAMED
25-Apr-2024 20:38:41.972 INFO [TestDao] org.apache.catalina.startup.VersionLoggerListener.log Argument de la ligne de commande: --add-opens=java.rmi/sun.rmi.transport=ALL-UNNAMED
25-Apr-2024 20:38:41.972 INFO [TestDao] org.apache.catalina.startup.VersionLoggerListener.log Argument de la ligne de commande: -Dcatalina.home=C:\apache-tomcat-9.0.33
25-Apr-2024 20:38:41.974 INFO [TestDao] org.apache.catalina.startup.VersionLoggerListener.log Argument de la ligne de commande: -Dcatalina.base=C:\Users\Amadou Tidiane Barry\IdeaProjects\projetjee
25-Apr-2024 20:38:41.974 INFO [TestDao] org.apache.catalina.startup.VersionLoggerListener.log Argument de la ligne de commande: -Djava.io.tmpdir=C:\Users\Amadou Tidiane Barry\IdeaProjects\projetjee\temp
25-Apr-2024 20:38:41.974 INFO [TestDao] org.apache.catalina.startup.VersionLoggerListener.log Argument de la ligne de commande: -Djava.util.logging.config.file=C:\Users\Amadou Tidiane Barry\IdeaProjects\projetjee\conf\logging.properties
25-Apr-2024 20:38:41.975 INFO [TestDao] org.apache.catalina.startup.VersionLoggerListener.log Argument de la ligne de commande: -Djava.util.logging.manager=org.apache.juli.ClassLoaderLogManager
25-Apr-2024 20:38:41.975 INFO [TestDao] org.apache.catalina.startup.VersionLoggerListener.log Argument de la ligne de commande: -javaagent:C:\Program Files\JetBrains\IntelliJ IDEA Educational Edition 2022.1.1\lib\idea_rt.jar=60514:C:\Program Files\JetBrains\IntelliJ IDEA Educational Edition 2022.1.1\bin
25-Apr-2024 20:38:41.975 INFO [TestDao] org.apache.catalina.startup.VersionLoggerListener.log Argument de la ligne de commande: -Dfile.encoding=UTF-8
25-Apr-2024 20:38:41.975 INFO [TestDao] org.apache.catalina.core.AprLifecycleListener.lifecycleEvent Chargement de la librairie Apache Tomcat Native [1.2.23] en utilisant APR version [1.7.0]
25-Apr-2024 20:38:41.975 INFO [TestDao] org.apache.catalina.core.AprLifecycleListener.lifecycleEvent Fonctionnalités d'APR: IPv6 [true], sendfile [true], accept filters [false], random [true]
25-Apr-2024 20:38:41.976 INFO [TestDao] org.apache.catalina.core.AprLifecycleListener.lifecycleEvent Configuration de APR/OpenSSL: useAprConnector [false], useOpenSSL [true]
25-Apr-2024 20:38:42.028 INFO [TestDao] org.apache.catalina.core.AprLifecycleListener.initializeSSL OpenSSL a été initialisé avec succès [OpenSSL 1.1.1c  28 May 2019]
25-Apr-2024 20:38:42.542 INFO [TestDao] org.apache.coyote.AbstractProtocol.init Initialisation du gestionnaire de protocole ["http-nio-8080"]
25-Apr-2024 20:38:42.784 INFO [TestDao] org.apache.catalina.startup.Catalina.load L'initialisation du serveur a pris [1 399] millisecondes
25-Apr-2024 20:38:42.893 INFO [TestDao] org.apache.catalina.core.StandardService.startInternal Démarrage du service [Catalina]
25-Apr-2024 20:38:42.893 INFO [TestDao] org.apache.catalina.core.StandardEngine.startInternal Démarrage du moteur de Servlets: [Apache Tomcat/9.0.33]
25-Apr-2024 20:38:42.972 INFO [TestDao] org.apache.catalina.startup.HostConfig.deployDescriptor Déploiement du descripteur de configuration [C:\Users\Amadou Tidiane Barry\IdeaProjects\projetjee\conf\Catalina\localhost\projetjee.xml]
25-Apr-2024 20:38:43.675 INFO [TestDao] org.apache.catalina.startup.HostConfig.deployDescriptor Le traitement du descripteur de déploiement [C:\Users\Amadou Tidiane Barry\IdeaProjects\projetjee\conf\Catalina\localhost\projetjee.xml] a pris [703] ms
25-Apr-2024 20:38:43.680 INFO [TestDao] org.apache.coyote.AbstractProtocol.start Démarrage du gestionnaire de protocole ["http-nio-8080"]
25-Apr-2024 20:38:43.698 INFO [TestDao] org.apache.catalina.startup.Catalina.start Le démarrage du serveur a pris [913] millisecondes
25-Apr-2024 20:45:11.216 INFO [Thread-3] org.apache.coyote.AbstractProtocol.pause Le gestionnaire de protocole ["http-nio-8080"] est mis en pause
25-Apr-2024 20:45:11.258 INFO [Thread-3] org.apache.catalina.core.StandardService.stopInternal Arrêt du service [Catalina]
25-Apr-2024 20:45:11.275 WARNING [Thread-3] org.apache.catalina.loader.WebappClassLoaderBase.clearReferencesObjectStreamClassCaches Impossible d'effacer les références faibles de ObjectStreamClass$Caches pour l'application web [projetjee]
	java.lang.ClassCastException: class java.io.ObjectStreamClass$Caches$1 cannot be cast to class java.util.Map (java.io.ObjectStreamClass$Caches$1 and java.util.Map are in module java.base of loader 'bootstrap')
		at org.apache.catalina.loader.WebappClassLoaderBase.clearCache(WebappClassLoaderBase.java:2269)
		at org.apache.catalina.loader.WebappClassLoaderBase.clearReferencesObjectStreamClassCaches(WebappClassLoaderBase.java:2256)
		at org.apache.catalina.loader.WebappClassLoaderBase.clearReferences(WebappClassLoaderBase.java:1627)
		at org.apache.catalina.loader.WebappClassLoaderBase.stop(WebappClassLoaderBase.java:1555)
		at org.apache.catalina.loader.WebappLoader.stopInternal(WebappLoader.java:448)
		at org.apache.catalina.util.LifecycleBase.stop(LifecycleBase.java:257)
		at org.apache.catalina.core.StandardContext.stopInternal(StandardContext.java:5437)
		at org.apache.catalina.util.LifecycleBase.stop(LifecycleBase.java:257)
		at org.apache.catalina.core.ContainerBase$StopChild.call(ContainerBase.java:1400)
		at org.apache.catalina.core.ContainerBase$StopChild.call(ContainerBase.java:1389)
		at java.base/java.util.concurrent.FutureTask.run(FutureTask.java:264)
		at org.apache.tomcat.util.threads.InlineExecutorService.execute(InlineExecutorService.java:75)
		at java.base/java.util.concurrent.AbstractExecutorService.submit(AbstractExecutorService.java:145)
		at org.apache.catalina.core.ContainerBase.stopInternal(ContainerBase.java:976)
		at org.apache.catalina.util.LifecycleBase.stop(LifecycleBase.java:257)
		at org.apache.catalina.core.ContainerBase$StopChild.call(ContainerBase.java:1400)
		at org.apache.catalina.core.ContainerBase$StopChild.call(ContainerBase.java:1389)
		at java.base/java.util.concurrent.FutureTask.run(FutureTask.java:264)
		at org.apache.tomcat.util.threads.InlineExecutorService.execute(InlineExecutorService.java:75)
		at java.base/java.util.concurrent.AbstractExecutorService.submit(AbstractExecutorService.java:145)
		at org.apache.catalina.core.ContainerBase.stopInternal(ContainerBase.java:976)
		at org.apache.catalina.util.LifecycleBase.stop(LifecycleBase.java:257)
		at org.apache.catalina.core.StandardService.stopInternal(StandardService.java:473)
		at org.apache.catalina.util.LifecycleBase.stop(LifecycleBase.java:257)
		at org.apache.catalina.core.StandardServer.stopInternal(StandardServer.java:992)
		at org.apache.catalina.util.LifecycleBase.stop(LifecycleBase.java:257)
		at org.apache.catalina.startup.Catalina.stop(Catalina.java:706)
		at org.apache.catalina.startup.Catalina$CatalinaShutdownHook.run(Catalina.java:803)
25-Apr-2024 20:45:11.308 INFO [Thread-3] org.apache.coyote.AbstractProtocol.stop Arrêt du gestionnaire de protocole ["http-nio-8080"]
25-Apr-2024 20:45:11.312 INFO [Thread-3] org.apache.coyote.AbstractProtocol.destroy Destruction du gestionnaire de protocole ["http-nio-8080"]
25-Apr-2024 20:45:17.425 INFO [TestDao] org.apache.catalina.startup.VersionLoggerListener.log Version du serveur:        Apache Tomcat/9.0.33
25-Apr-2024 20:45:17.513 INFO [TestDao] org.apache.catalina.startup.VersionLoggerListener.log Serveur compilé:       Mar 11 2020 09:31:38 UTC
25-Apr-2024 20:45:17.514 INFO [TestDao] org.apache.catalina.startup.VersionLoggerListener.log Version du serveur:      9.0.33.0
25-Apr-2024 20:45:17.514 INFO [TestDao] org.apache.catalina.startup.VersionLoggerListener.log Nom de l'OS:           Windows 11
25-Apr-2024 20:45:17.525 INFO [TestDao] org.apache.catalina.startup.VersionLoggerListener.log Version de l'OS:        10.0
25-Apr-2024 20:45:17.526 INFO [TestDao] org.apache.catalina.startup.VersionLoggerListener.log Architecture:          amd64
25-Apr-2024 20:45:17.531 INFO [TestDao] org.apache.catalina.startup.VersionLoggerListener.log Répertoire de Java:     C:\Program Files\Java\jdk-17
25-Apr-2024 20:45:17.532 INFO [TestDao] org.apache.catalina.startup.VersionLoggerListener.log Version de la JVM:           17.0.10+11-LTS-240
25-Apr-2024 20:45:17.532 INFO [TestDao] org.apache.catalina.startup.VersionLoggerListener.log Fournisseur de la JVM:            Oracle Corporation
25-Apr-2024 20:45:17.532 INFO [TestDao] org.apache.catalina.startup.VersionLoggerListener.log CATALINA_BASE:         C:\Users\Amadou Tidiane Barry\IdeaProjects\projetjee
25-Apr-2024 20:45:17.532 INFO [TestDao] org.apache.catalina.startup.VersionLoggerListener.log CATALINA_HOME:         C:\apache-tomcat-9.0.33
25-Apr-2024 20:45:17.600 INFO [TestDao] org.apache.catalina.startup.VersionLoggerListener.log Argument de la ligne de commande: --add-opens=java.base/java.lang=ALL-UNNAMED
25-Apr-2024 20:45:17.600 INFO [TestDao] org.apache.catalina.startup.VersionLoggerListener.log Argument de la ligne de commande: --add-opens=java.base/java.io=ALL-UNNAMED
25-Apr-2024 20:45:17.601 INFO [TestDao] org.apache.catalina.startup.VersionLoggerListener.log Argument de la ligne de commande: --add-opens=java.base/java.util=ALL-UNNAMED
25-Apr-2024 20:45:17.601 INFO [TestDao] org.apache.catalina.startup.VersionLoggerListener.log Argument de la ligne de commande: --add-opens=java.base/java.util.concurrent=ALL-UNNAMED
25-Apr-2024 20:45:17.602 INFO [TestDao] org.apache.catalina.startup.VersionLoggerListener.log Argument de la ligne de commande: --add-opens=java.rmi/sun.rmi.transport=ALL-UNNAMED
25-Apr-2024 20:45:17.602 INFO [TestDao] org.apache.catalina.startup.VersionLoggerListener.log Argument de la ligne de commande: -Dcatalina.home=C:\apache-tomcat-9.0.33
25-Apr-2024 20:45:17.602 INFO [TestDao] org.apache.catalina.startup.VersionLoggerListener.log Argument de la ligne de commande: -Dcatalina.base=C:\Users\Amadou Tidiane Barry\IdeaProjects\projetjee
25-Apr-2024 20:45:17.602 INFO [TestDao] org.apache.catalina.startup.VersionLoggerListener.log Argument de la ligne de commande: -Djava.io.tmpdir=C:\Users\Amadou Tidiane Barry\IdeaProjects\projetjee\temp
25-Apr-2024 20:45:17.602 INFO [TestDao] org.apache.catalina.startup.VersionLoggerListener.log Argument de la ligne de commande: -Djava.util.logging.config.file=C:\Users\Amadou Tidiane Barry\IdeaProjects\projetjee\conf\logging.properties
25-Apr-2024 20:45:17.603 INFO [TestDao] org.apache.catalina.startup.VersionLoggerListener.log Argument de la ligne de commande: -Djava.util.logging.manager=org.apache.juli.ClassLoaderLogManager
25-Apr-2024 20:45:17.603 INFO [TestDao] org.apache.catalina.startup.VersionLoggerListener.log Argument de la ligne de commande: -javaagent:C:\Program Files\JetBrains\IntelliJ IDEA Educational Edition 2022.1.1\lib\idea_rt.jar=60582:C:\Program Files\JetBrains\IntelliJ IDEA Educational Edition 2022.1.1\bin
25-Apr-2024 20:45:17.604 INFO [TestDao] org.apache.catalina.startup.VersionLoggerListener.log Argument de la ligne de commande: -Dfile.encoding=UTF-8
25-Apr-2024 20:45:17.604 INFO [TestDao] org.apache.catalina.core.AprLifecycleListener.lifecycleEvent Chargement de la librairie Apache Tomcat Native [1.2.23] en utilisant APR version [1.7.0]
25-Apr-2024 20:45:17.605 INFO [TestDao] org.apache.catalina.core.AprLifecycleListener.lifecycleEvent Fonctionnalités d'APR: IPv6 [true], sendfile [true], accept filters [false], random [true]
25-Apr-2024 20:45:17.609 INFO [TestDao] org.apache.catalina.core.AprLifecycleListener.lifecycleEvent Configuration de APR/OpenSSL: useAprConnector [false], useOpenSSL [true]
25-Apr-2024 20:45:17.629 INFO [TestDao] org.apache.catalina.core.AprLifecycleListener.initializeSSL OpenSSL a été initialisé avec succès [OpenSSL 1.1.1c  28 May 2019]
25-Apr-2024 20:45:18.237 INFO [TestDao] org.apache.coyote.AbstractProtocol.init Initialisation du gestionnaire de protocole ["http-nio-8080"]
25-Apr-2024 20:45:18.502 INFO [TestDao] org.apache.catalina.startup.Catalina.load L'initialisation du serveur a pris [1 593] millisecondes
25-Apr-2024 20:45:18.627 INFO [TestDao] org.apache.catalina.core.StandardService.startInternal Démarrage du service [Catalina]
25-Apr-2024 20:45:18.627 INFO [TestDao] org.apache.catalina.core.StandardEngine.startInternal Démarrage du moteur de Servlets: [Apache Tomcat/9.0.33]
25-Apr-2024 20:45:18.648 INFO [TestDao] org.apache.catalina.startup.HostConfig.deployDescriptor Déploiement du descripteur de configuration [C:\Users\Amadou Tidiane Barry\IdeaProjects\projetjee\conf\Catalina\localhost\projetjee.xml]
25-Apr-2024 20:45:19.176 INFO [TestDao] org.apache.catalina.startup.HostConfig.deployDescriptor Le traitement du descripteur de déploiement [C:\Users\Amadou Tidiane Barry\IdeaProjects\projetjee\conf\Catalina\localhost\projetjee.xml] a pris [527] ms
25-Apr-2024 20:45:19.180 INFO [TestDao] org.apache.coyote.AbstractProtocol.start Démarrage du gestionnaire de protocole ["http-nio-8080"]
25-Apr-2024 20:45:19.194 INFO [TestDao] org.apache.catalina.startup.Catalina.start Le démarrage du serveur a pris [691] millisecondes
25-Apr-2024 20:45:30.942 INFO [Thread-3] org.apache.coyote.AbstractProtocol.pause Le gestionnaire de protocole ["http-nio-8080"] est mis en pause
25-Apr-2024 20:45:30.961 INFO [Thread-3] org.apache.catalina.core.StandardService.stopInternal Arrêt du service [Catalina]
25-Apr-2024 20:45:30.969 WARNING [Thread-3] org.apache.catalina.loader.WebappClassLoaderBase.clearReferencesObjectStreamClassCaches Impossible d'effacer les références faibles de ObjectStreamClass$Caches pour l'application web [projetjee]
	java.lang.ClassCastException: class java.io.ObjectStreamClass$Caches$1 cannot be cast to class java.util.Map (java.io.ObjectStreamClass$Caches$1 and java.util.Map are in module java.base of loader 'bootstrap')
		at org.apache.catalina.loader.WebappClassLoaderBase.clearCache(WebappClassLoaderBase.java:2269)
		at org.apache.catalina.loader.WebappClassLoaderBase.clearReferencesObjectStreamClassCaches(WebappClassLoaderBase.java:2256)
		at org.apache.catalina.loader.WebappClassLoaderBase.clearReferences(WebappClassLoaderBase.java:1627)
		at org.apache.catalina.loader.WebappClassLoaderBase.stop(WebappClassLoaderBase.java:1555)
		at org.apache.catalina.loader.WebappLoader.stopInternal(WebappLoader.java:448)
		at org.apache.catalina.util.LifecycleBase.stop(LifecycleBase.java:257)
		at org.apache.catalina.core.StandardContext.stopInternal(StandardContext.java:5437)
		at org.apache.catalina.util.LifecycleBase.stop(LifecycleBase.java:257)
		at org.apache.catalina.core.ContainerBase$StopChild.call(ContainerBase.java:1400)
		at org.apache.catalina.core.ContainerBase$StopChild.call(ContainerBase.java:1389)
		at java.base/java.util.concurrent.FutureTask.run(FutureTask.java:264)
		at org.apache.tomcat.util.threads.InlineExecutorService.execute(InlineExecutorService.java:75)
		at java.base/java.util.concurrent.AbstractExecutorService.submit(AbstractExecutorService.java:145)
		at org.apache.catalina.core.ContainerBase.stopInternal(ContainerBase.java:976)
		at org.apache.catalina.util.LifecycleBase.stop(LifecycleBase.java:257)
		at org.apache.catalina.core.ContainerBase$StopChild.call(ContainerBase.java:1400)
		at org.apache.catalina.core.ContainerBase$StopChild.call(ContainerBase.java:1389)
		at java.base/java.util.concurrent.FutureTask.run(FutureTask.java:264)
		at org.apache.tomcat.util.threads.InlineExecutorService.execute(InlineExecutorService.java:75)
		at java.base/java.util.concurrent.AbstractExecutorService.submit(AbstractExecutorService.java:145)
		at org.apache.catalina.core.ContainerBase.stopInternal(ContainerBase.java:976)
		at org.apache.catalina.util.LifecycleBase.stop(LifecycleBase.java:257)
		at org.apache.catalina.core.StandardService.stopInternal(StandardService.java:473)
		at org.apache.catalina.util.LifecycleBase.stop(LifecycleBase.java:257)
		at org.apache.catalina.core.StandardServer.stopInternal(StandardServer.java:992)
		at org.apache.catalina.util.LifecycleBase.stop(LifecycleBase.java:257)
		at org.apache.catalina.startup.Catalina.stop(Catalina.java:706)
		at org.apache.catalina.startup.Catalina$CatalinaShutdownHook.run(Catalina.java:803)
25-Apr-2024 20:45:30.988 INFO [Thread-3] org.apache.coyote.AbstractProtocol.stop Arrêt du gestionnaire de protocole ["http-nio-8080"]
25-Apr-2024 20:45:30.993 INFO [Thread-3] org.apache.coyote.AbstractProtocol.destroy Destruction du gestionnaire de protocole ["http-nio-8080"]
